<?xml version="1.0" encoding="UTF-8"?>
<testsuite xmlns:xsi="http://www.w3.org/2001/XMLSchema-instance" xsi:noNamespaceSchemaLocation="https://maven.apache.org/surefire/maven-surefire-plugin/xsd/surefire-test-report-3.0.xsd" version="3.0" name="com.udacity.catpoint.application.SecurityServiceTest" time="2.048" tests="27" errors="0" skipped="0" failures="0">
  <properties>
[...]
</properties>
  <testcase name="changeSensorActivationStatus_no_alarm_sensor_inactive" classname="com.udacity.catpoint.application.SecurityServiceTest" time="1.385"/>
  <testcase name="changeSensorActivation_while_already_active_system_from_pending_to_alarm_is_not_alarm(RepetitionInfo)[1]" classname="com.udacity.catpoint.application.SecurityServiceTest" time="0.026"/>
  <testcase name="changeSensorActivation_while_already_active_system_from_pending_to_alarm_is_not_alarm(RepetitionInfo)[2]" classname="com.udacity.catpoint.application.SecurityServiceTest" time="0.006"/>
  <testcase name="changeSensorActivation_while_already_active_system_from_pending_to_alarm_is_not_alarm(RepetitionInfo)[3]" classname="com.udacity.catpoint.application.SecurityServiceTest" time="0.009"/>
  <testcase name="changeSensorActivationStatus_inactive_sensor_to_inactive_no_state_changes" classname="com.udacity.catpoint.application.SecurityServiceTest" time="0.007"/>
  <testcase name="changeSensorActivationStatus_inactive_sensor_to_inactive_no_state_changes" classname="com.udacity.catpoint.application.SecurityServiceTest" time="0.026"/>
  <testcase name="changeSensorActivationStatus_inactive_sensor_to_inactive_no_state_changes" classname="com.udacity.catpoint.application.SecurityServiceTest" time="0.012"/>
  <testcase name="changeSensorActivationStatus_pending_sensor_active(ArmingStatus)[1]" classname="com.udacity.catpoint.application.SecurityServiceTest" time="0.038"/>
  <testcase name="changeSensorActivationStatus_pending_sensor_active(ArmingStatus)[2]" classname="com.udacity.catpoint.application.SecurityServiceTest" time="0.006"/>
  <testcase name="system_armed_home_while_camera_does_not_show_cat_set_status_alarm(ArmingStatus, AlarmStatus)[1]" classname="com.udacity.catpoint.application.SecurityServiceTest" time="0.046"/>
  <testcase name="system_armed_home_while_camera_does_not_show_cat_set_status_alarm(ArmingStatus, AlarmStatus)[2]" classname="com.udacity.catpoint.application.SecurityServiceTest" time="0.011"/>
  <testcase name="system_armed_home_while_camera_does_not_show_cat_set_status_alarm(ArmingStatus, AlarmStatus)[3]" classname="com.udacity.catpoint.application.SecurityServiceTest" time="0.007"/>
  <testcase name="detection_cat_while_system_deactivated" classname="com.udacity.catpoint.application.SecurityServiceTest" time="0.009"/>
  <testcase name="changeSensorActivationStatus_inactive_sensor_to_inactive_no_state_changes_changes_alarm_states(AlarmStatus)[1]" classname="com.udacity.catpoint.application.SecurityServiceTest" time="0.026"/>
  <testcase name="changeSensorActivationStatus_inactive_sensor_to_inactive_no_state_changes_changes_alarm_states(AlarmStatus)[2]" classname="com.udacity.catpoint.application.SecurityServiceTest" time="0.01"/>
  <testcase name="changeSensorActivationStatus_inactive_sensor_to_inactive_no_state_changes_changes_alarm_states(AlarmStatus)[3]" classname="com.udacity.catpoint.application.SecurityServiceTest" time="0.014"/>
  <testcase name="cat_not_found_and_inactive_sensors" classname="com.udacity.catpoint.application.SecurityServiceTest" time="0.006"/>
  <testcase name="changeSensorActivationStatus_alarm_sensor_active(ArmingStatus)[1]" classname="com.udacity.catpoint.application.SecurityServiceTest" time="0.006"/>
  <testcase name="changeSensorActivationStatus_alarm_sensor_active(ArmingStatus)[2]" classname="com.udacity.catpoint.application.SecurityServiceTest" time="0.002"/>
  <testcase name="changeSensorActivation_is_not_affect_alarm_state" classname="com.udacity.catpoint.application.SecurityServiceTest" time="0.006"/>
  <testcase name="change_state_after_cat_and_armed_away_state" classname="com.udacity.catpoint.application.SecurityServiceTest" time="0.009"/>
  <testcase name="detection_cat_while_system_at_home" classname="com.udacity.catpoint.application.SecurityServiceTest" time="0.006"/>
  <testcase name="system_is_not_armed_is_not_alarm(AlarmStatus)[1]" classname="com.udacity.catpoint.application.SecurityServiceTest" time="0.003"/>
  <testcase name="system_is_not_armed_is_not_alarm(AlarmStatus)[2]" classname="com.udacity.catpoint.application.SecurityServiceTest" time="0.007"/>
  <testcase name="system_is_disarmed_all_sensors_inactive(ArmingStatus)[1]" classname="com.udacity.catpoint.application.SecurityServiceTest" time="0.006"/>
  <testcase name="system_is_disarmed_all_sensors_inactive(ArmingStatus)[2]" classname="com.udacity.catpoint.application.SecurityServiceTest" time="0.009"/>
  <testcase name="changeSensorActivation_while_already_active_system_from_pending_to_alarm_is_alarm" classname="com.udacity.catpoint.application.SecurityServiceTest" time="0.004"/>
</testsuite>